<?xml version="1.0" encoding="UTF-8"?>
<testsuite xmlns:xsi="http://www.w3.org/2001/XMLSchema-instance" xsi:noNamespaceSchemaLocation="https://maven.apache.org/surefire/maven-surefire-plugin/xsd/surefire-test-report-3.0.xsd" version="3.0" name="UserServiceTest" time="0.951" tests="6" errors="0" skipped="0" failures="0">
  <properties>
[...]
</properties>
  <testcase name="saveUser" classname="UserServiceTest" time="0.817">
    <system-out><![CDATA[Hibernate: drop table if exists users
Hibernate: create table users (id bigint not null auto_increment, age tinyint, last_name varchar(255), name varchar(255), primary key (id)) engine=InnoDB
Hibernate: DROP TABLE IF EXISTS users
Таблица users удалена успешно
Hibernate: CREATE TABLE IF NOT EXISTS users (id BIGINT AUTO_INCREMENT PRIMARY KEY, name VARCHAR(50) NOT NULL, last_name VARCHAR(50) NOT NULL, age TINYINT NOT NULL)
Таблица users создана успешно
Hibernate: insert into users (age, last_name, name) values (?, ?, ?)
Пользователь Ivan добавлен в базу данных
Hibernate: select user0_.id as id1_0_, user0_.age as age2_0_, user0_.last_name as last_nam3_0_, user0_.name as name4_0_ from users user0_
]]></system-out>
    <system-err><![CDATA[окт. 23, 2025 12:50:29 AM org.hibernate.Version logVersion
INFO: HHH000412: Hibernate ORM core version 5.6.3.Final
окт. 23, 2025 12:50:30 AM org.hibernate.annotations.common.reflection.java.JavaReflectionManager <clinit>
INFO: HCANN000001: Hibernate Commons Annotations {5.1.2.Final}
окт. 23, 2025 12:50:30 AM org.hibernate.engine.jdbc.connections.internal.DriverManagerConnectionProviderImpl configure
WARN: HHH10001002: Using Hibernate built-in connection pool (not for production use!)
окт. 23, 2025 12:50:30 AM org.hibernate.engine.jdbc.connections.internal.DriverManagerConnectionProviderImpl buildCreator
INFO: HHH10001005: using driver [com.mysql.cj.jdbc.Driver] at URL [jdbc:mysql://localhost:3306/test_database]
окт. 23, 2025 12:50:30 AM org.hibernate.engine.jdbc.connections.internal.DriverManagerConnectionProviderImpl buildCreator
INFO: HHH10001001: Connection properties: {user=root, password=****}
окт. 23, 2025 12:50:30 AM org.hibernate.engine.jdbc.connections.internal.DriverManagerConnectionProviderImpl buildCreator
INFO: HHH10001003: Autocommit mode: false
окт. 23, 2025 12:50:30 AM org.hibernate.engine.jdbc.connections.internal.DriverManagerConnectionProviderImpl$PooledConnections <init>
INFO: HHH000115: Hibernate connection pool size: 20 (min=1)
окт. 23, 2025 12:50:30 AM org.hibernate.dialect.Dialect <init>
INFO: HHH000400: Using dialect: org.hibernate.dialect.MySQL8Dialect
окт. 23, 2025 12:50:30 AM org.hibernate.resource.transaction.backend.jdbc.internal.DdlTransactionIsolatorNonJtaImpl getIsolatedConnection
INFO: HHH10001501: Connection obtained from JdbcConnectionAccess [org.hibernate.engine.jdbc.env.internal.JdbcEnvironmentInitiator$ConnectionProviderJdbcConnectionAccess@67c5ac52] for (non-JTA) DDL execution was not in auto-commit mode; the Connection 'local transaction' will be committed and the Connection will be set into auto-commit mode.
окт. 23, 2025 12:50:30 AM org.hibernate.resource.transaction.backend.jdbc.internal.DdlTransactionIsolatorNonJtaImpl getIsolatedConnection
INFO: HHH10001501: Connection obtained from JdbcConnectionAccess [org.hibernate.engine.jdbc.env.internal.JdbcEnvironmentInitiator$ConnectionProviderJdbcConnectionAccess@53ec2968] for (non-JTA) DDL execution was not in auto-commit mode; the Connection 'local transaction' will be committed and the Connection will be set into auto-commit mode.
окт. 23, 2025 12:50:30 AM org.hibernate.engine.transaction.jta.platform.internal.JtaPlatformInitiator initiateService
INFO: HHH000490: Using JtaPlatform implementation: [org.hibernate.engine.transaction.jta.platform.internal.NoJtaPlatform]
]]></system-err>
  </testcase>
  <testcase name="removeUserById" classname="UserServiceTest" time="0.035">
    <system-out><![CDATA[Hibernate: DROP TABLE IF EXISTS users
Таблица users удалена успешно
Hibernate: CREATE TABLE IF NOT EXISTS users (id BIGINT AUTO_INCREMENT PRIMARY KEY, name VARCHAR(50) NOT NULL, last_name VARCHAR(50) NOT NULL, age TINYINT NOT NULL)
Таблица users создана успешно
Hibernate: insert into users (age, last_name, name) values (?, ?, ?)
Пользователь Ivan добавлен в базу данных
Hibernate: select user0_.id as id1_0_0_, user0_.age as age2_0_0_, user0_.last_name as last_nam3_0_0_, user0_.name as name4_0_0_ from users user0_ where user0_.id=?
Hibernate: delete from users where id=?
Пользователь с id 1 удален
]]></system-out>
  </testcase>
  <testcase name="getAllUsers" classname="UserServiceTest" time="0.024">
    <system-out><![CDATA[Hibernate: DROP TABLE IF EXISTS users
Таблица users удалена успешно
Hibernate: CREATE TABLE IF NOT EXISTS users (id BIGINT AUTO_INCREMENT PRIMARY KEY, name VARCHAR(50) NOT NULL, last_name VARCHAR(50) NOT NULL, age TINYINT NOT NULL)
Таблица users создана успешно
Hibernate: insert into users (age, last_name, name) values (?, ?, ?)
Пользователь Ivan добавлен в базу данных
Hibernate: select user0_.id as id1_0_, user0_.age as age2_0_, user0_.last_name as last_nam3_0_, user0_.name as name4_0_ from users user0_
]]></system-out>
  </testcase>
  <testcase name="dropUsersTable" classname="UserServiceTest" time="0.009">
    <system-out><![CDATA[Hibernate: DROP TABLE IF EXISTS users
Таблица users удалена успешно
Hibernate: DROP TABLE IF EXISTS users
Таблица users удалена успешно
]]></system-out>
  </testcase>
  <testcase name="createUsersTable" classname="UserServiceTest" time="0.016">
    <system-out><![CDATA[Hibernate: DROP TABLE IF EXISTS users
Таблица users удалена успешно
Hibernate: CREATE TABLE IF NOT EXISTS users (id BIGINT AUTO_INCREMENT PRIMARY KEY, name VARCHAR(50) NOT NULL, last_name VARCHAR(50) NOT NULL, age TINYINT NOT NULL)
Таблица users создана успешно
]]></system-out>
  </testcase>
  <testcase name="cleanUsersTable" classname="UserServiceTest" time="0.02">
    <system-out><![CDATA[Hibernate: DROP TABLE IF EXISTS users
Таблица users удалена успешно
Hibernate: CREATE TABLE IF NOT EXISTS users (id BIGINT AUTO_INCREMENT PRIMARY KEY, name VARCHAR(50) NOT NULL, last_name VARCHAR(50) NOT NULL, age TINYINT NOT NULL)
Таблица users создана успешно
Hibernate: insert into users (age, last_name, name) values (?, ?, ?)
Пользователь Ivan добавлен в базу данных
Hibernate: delete from users
Таблица users очищена
Hibernate: select user0_.id as id1_0_, user0_.age as age2_0_, user0_.last_name as last_nam3_0_, user0_.name as name4_0_ from users user0_
]]></system-out>
  </testcase>
</testsuite>